{"level":"info","message":"Servidor rodando na porta 3000","service":"lineage2-server","timestamp":"2025-09-19 20:21:23"}
{"level":"info","message":"Servidor: Lineage2 Server","service":"lineage2-server","timestamp":"2025-09-19 20:21:23"}
{"level":"info","message":"Máximo de jogadores: 1000","service":"lineage2-server","timestamp":"2025-09-19 20:21:23"}
{"level":"error","message":"Erro ao conectar ao banco de dados:","service":"lineage2-server","timestamp":"2025-09-19 20:21:23"}
{"level":"info","message":"Tentando reconectar ao banco de dados...","service":"lineage2-server","timestamp":"2025-09-19 20:21:28"}
{"level":"info","message":"Conectado ao banco de dados MySQL","service":"lineage2-server","timestamp":"2025-09-19 20:22:48"}
{"level":"error","message":"Erro ao inicializar tabelas:","service":"lineage2-server","timestamp":"2025-09-19 20:22:48"}
{"level":"info","message":"Servidor rodando na porta 3000","service":"lineage2-server","timestamp":"2025-09-19 20:23:19"}
{"level":"info","message":"Servidor: Lineage2 Server","service":"lineage2-server","timestamp":"2025-09-19 20:23:19"}
{"level":"info","message":"Máximo de jogadores: 1000","service":"lineage2-server","timestamp":"2025-09-19 20:23:19"}
{"level":"info","message":"Conectado ao banco de dados MySQL","service":"lineage2-server","timestamp":"2025-09-19 20:23:19"}
{"level":"error","message":"Erro ao inicializar tabelas:","service":"lineage2-server","timestamp":"2025-09-19 20:23:19"}
{"level":"info","message":"Recebido SIGINT. Encerrando servidor...","service":"lineage2-server","timestamp":"2025-09-19 20:24:00"}
{"level":"info","message":"Servidor rodando na porta 3000","service":"lineage2-server","timestamp":"2025-09-19 20:24:06"}
{"level":"info","message":"Servidor: Lineage2 Server","service":"lineage2-server","timestamp":"2025-09-19 20:24:06"}
{"level":"info","message":"Máximo de jogadores: 1000","service":"lineage2-server","timestamp":"2025-09-19 20:24:06"}
{"level":"info","message":"Conectado ao banco de dados MySQL","service":"lineage2-server","timestamp":"2025-09-19 20:24:06"}
{"level":"error","message":"Erro ao inicializar tabelas:","service":"lineage2-server","timestamp":"2025-09-19 20:24:06"}
{"level":"info","message":"Servidor rodando na porta 3000","service":"lineage2-server","timestamp":"2025-09-19 20:26:33"}
{"level":"info","message":"Servidor: Lineage2 Server","service":"lineage2-server","timestamp":"2025-09-19 20:26:33"}
{"level":"info","message":"Máximo de jogadores: 1000","service":"lineage2-server","timestamp":"2025-09-19 20:26:33"}
{"level":"info","message":"Conectado ao banco de dados MySQL","service":"lineage2-server","timestamp":"2025-09-19 20:26:33"}
{"level":"error","message":"Erro ao inicializar tabelas:","service":"lineage2-server","timestamp":"2025-09-19 20:26:33"}
{"level":"info","message":"Recebido SIGINT. Encerrando servidor...","service":"lineage2-server","timestamp":"2025-09-19 20:26:40"}
{"level":"info","message":"Servidor rodando na porta 3000","service":"lineage2-server","timestamp":"2025-09-19 20:27:11"}
{"level":"info","message":"Servidor: Lineage2 Server","service":"lineage2-server","timestamp":"2025-09-19 20:27:11"}
{"level":"info","message":"Máximo de jogadores: 1000","service":"lineage2-server","timestamp":"2025-09-19 20:27:11"}
{"level":"info","message":"Conectado ao banco de dados MySQL","service":"lineage2-server","timestamp":"2025-09-19 20:27:11"}
{"level":"error","message":"Erro ao inicializar tabelas:","service":"lineage2-server","timestamp":"2025-09-19 20:27:11"}
{"level":"info","message":"Servidor rodando na porta 3000","service":"lineage2-server","timestamp":"2025-09-19 20:27:44"}
{"level":"info","message":"Servidor: Lineage2 Server","service":"lineage2-server","timestamp":"2025-09-19 20:27:44"}
{"level":"info","message":"Máximo de jogadores: 1000","service":"lineage2-server","timestamp":"2025-09-19 20:27:44"}
{"level":"info","message":"Conectado ao banco de dados MySQL","service":"lineage2-server","timestamp":"2025-09-19 20:27:44"}
{"level":"error","message":"Erro ao inicializar tabelas:","service":"lineage2-server","timestamp":"2025-09-19 20:27:44"}
{"level":"info","message":"Servidor rodando na porta 3000","service":"lineage2-server","timestamp":"2025-09-19 20:28:11"}
{"level":"info","message":"Servidor: Lineage2 Server","service":"lineage2-server","timestamp":"2025-09-19 20:28:11"}
{"level":"info","message":"Máximo de jogadores: 1000","service":"lineage2-server","timestamp":"2025-09-19 20:28:11"}
{"level":"info","message":"Conectado ao banco de dados MySQL","service":"lineage2-server","timestamp":"2025-09-19 20:28:11"}
{"level":"error","message":"Erro ao inicializar tabelas:","service":"lineage2-server","timestamp":"2025-09-19 20:28:11"}
{"level":"info","message":"Recebido SIGINT. Encerrando servidor...","service":"lineage2-server","timestamp":"2025-09-19 20:31:32"}
{"level":"info","message":"Servidor rodando na porta 3000","service":"lineage2-server","timestamp":"2025-09-19 20:40:56"}
{"level":"info","message":"Servidor: Lineage2 Server","service":"lineage2-server","timestamp":"2025-09-19 20:40:56"}
{"level":"info","message":"Máximo de jogadores: 1000","service":"lineage2-server","timestamp":"2025-09-19 20:40:56"}
{"level":"info","message":"Conectado ao banco de dados MySQL","service":"lineage2-server","timestamp":"2025-09-19 20:40:56"}
{"level":"info","message":"Tabelas inicializadas com sucesso","service":"lineage2-server","timestamp":"2025-09-19 20:40:56"}
{"level":"info","message":"Novo cliente conectado: HD-5BT9rCX1h1Yz0AAAC","service":"lineage2-server","timestamp":"2025-09-19 20:43:56"}
{"level":"info","message":"Cliente desconectado: HD-5BT9rCX1h1Yz0AAAC - Motivo: client namespace disconnect","service":"lineage2-server","timestamp":"2025-09-19 20:44:01"}
{"level":"info","message":"Novo cliente conectado: QaU6Zvzkb7CDwDApAAAE","service":"lineage2-server","timestamp":"2025-09-19 20:44:17"}
{"level":"info","message":"Cliente desconectado: QaU6Zvzkb7CDwDApAAAE - Motivo: client namespace disconnect","service":"lineage2-server","timestamp":"2025-09-19 20:44:53"}
{"level":"info","message":"Novo cliente conectado: JDP2t-upo0OZYcGGAAAG","service":"lineage2-server","timestamp":"2025-09-19 20:44:58"}
{"level":"info","message":"Cliente desconectado: JDP2t-upo0OZYcGGAAAG - Motivo: client namespace disconnect","service":"lineage2-server","timestamp":"2025-09-19 20:45:03"}
{"level":"info","message":"Novo cliente conectado: InY3WvzX9Nwdnx8oAAAI","service":"lineage2-server","timestamp":"2025-09-19 20:45:23"}
{"level":"info","message":"Cliente desconectado: InY3WvzX9Nwdnx8oAAAI - Motivo: client namespace disconnect","service":"lineage2-server","timestamp":"2025-09-19 20:45:37"}
{"level":"info","message":"Novo cliente conectado: XzhmwPiWsfe8MRyeAAAK","service":"lineage2-server","timestamp":"2025-09-19 20:45:40"}
{"level":"info","message":"Cliente desconectado: XzhmwPiWsfe8MRyeAAAK - Motivo: client namespace disconnect","service":"lineage2-server","timestamp":"2025-09-19 20:45:42"}
{"level":"info","message":"Novo cliente conectado: W4ETrtkHDPqKG6veAAAM","service":"lineage2-server","timestamp":"2025-09-19 21:05:28"}
{"level":"info","message":"Cliente desconectado: W4ETrtkHDPqKG6veAAAM - Motivo: transport close","service":"lineage2-server","timestamp":"2025-09-19 21:06:31"}
{"level":"info","message":"Novo cliente conectado: oV4CDivyOdpP55b_AAAO","service":"lineage2-server","timestamp":"2025-09-19 21:06:46"}
{"level":"info","message":"Cliente desconectado: oV4CDivyOdpP55b_AAAO - Motivo: client namespace disconnect","service":"lineage2-server","timestamp":"2025-09-19 21:06:52"}
{"level":"info","message":"Novo cliente conectado: 4US5xYvEdBvclmZxAAAQ","service":"lineage2-server","timestamp":"2025-09-19 21:07:03"}
{"level":"info","message":"Cliente desconectado: 4US5xYvEdBvclmZxAAAQ - Motivo: client namespace disconnect","service":"lineage2-server","timestamp":"2025-09-19 21:07:15"}
{"level":"info","message":"Novo cliente conectado: ddekOwtBLOpAdXqUAAAS","service":"lineage2-server","timestamp":"2025-09-19 21:08:33"}
{"level":"info","message":"Cliente desconectado: ddekOwtBLOpAdXqUAAAS - Motivo: client namespace disconnect","service":"lineage2-server","timestamp":"2025-09-19 21:08:49"}
{"level":"info","message":"Recebido SIGINT. Encerrando servidor...","service":"lineage2-server","timestamp":"2025-09-19 21:08:55"}
{"level":"info","message":"Servidor rodando na porta 3000","service":"lineage2-server","timestamp":"2025-09-19 21:09:07"}
{"level":"info","message":"Servidor: Lineage2 Server","service":"lineage2-server","timestamp":"2025-09-19 21:09:07"}
{"level":"info","message":"Máximo de jogadores: 1000","service":"lineage2-server","timestamp":"2025-09-19 21:09:07"}
{"level":"info","message":"Conectado ao banco de dados MySQL","service":"lineage2-server","timestamp":"2025-09-19 21:09:07"}
{"level":"info","message":"Tabelas inicializadas com sucesso","service":"lineage2-server","timestamp":"2025-09-19 21:09:07"}
{"level":"info","message":"Novo cliente conectado: N-P9_BqghHQVwO18AAAB","service":"lineage2-server","timestamp":"2025-09-19 21:09:19"}
{"level":"error","message":"Erro no evento register:","service":"lineage2-server","timestamp":"2025-09-19 21:09:59"}
{"level":"info","message":"Servidor rodando na porta 3000","service":"lineage2-server","timestamp":"2025-09-19 21:11:58"}
{"level":"info","message":"Servidor: Lineage2 Server","service":"lineage2-server","timestamp":"2025-09-19 21:11:58"}
{"level":"info","message":"Máximo de jogadores: 1000","service":"lineage2-server","timestamp":"2025-09-19 21:11:58"}
{"level":"info","message":"Conectado ao banco de dados MySQL","service":"lineage2-server","timestamp":"2025-09-19 21:11:58"}
{"level":"info","message":"Novo cliente conectado: vGXNUz2Gz0KIWDhnAAAB","service":"lineage2-server","timestamp":"2025-09-19 21:11:58"}
{"level":"info","message":"Tabelas inicializadas com sucesso","service":"lineage2-server","timestamp":"2025-09-19 21:11:58"}
{"level":"info","message":"Cliente desconectado: vGXNUz2Gz0KIWDhnAAAB - Motivo: client namespace disconnect","service":"lineage2-server","timestamp":"2025-09-19 21:12:12"}
{"level":"info","message":"Novo cliente conectado: z2gV1jkN4Qa7i0C8AAAD","service":"lineage2-server","timestamp":"2025-09-19 21:12:19"}
{"level":"info","message":"Cliente desconectado: z2gV1jkN4Qa7i0C8AAAD - Motivo: client namespace disconnect","service":"lineage2-server","timestamp":"2025-09-19 21:13:04"}
{"level":"info","message":"Recebido SIGINT. Encerrando servidor...","service":"lineage2-server","timestamp":"2025-09-19 21:13:08"}
{"level":"info","message":"Servidor rodando na porta 3000","service":"lineage2-server","timestamp":"2025-09-19 21:13:35"}
{"level":"info","message":"Servidor: Lineage2 Server","service":"lineage2-server","timestamp":"2025-09-19 21:13:35"}
{"level":"info","message":"Máximo de jogadores: 1000","service":"lineage2-server","timestamp":"2025-09-19 21:13:35"}
{"level":"info","message":"Conectado ao banco de dados MySQL","service":"lineage2-server","timestamp":"2025-09-19 21:13:35"}
{"level":"info","message":"Tabelas inicializadas com sucesso","service":"lineage2-server","timestamp":"2025-09-19 21:13:35"}
{"level":"info","message":"Novo cliente conectado: loMGHLDCrNvk4Uw8AAAB","service":"lineage2-server","timestamp":"2025-09-19 21:13:48"}
{"level":"info","message":"Cliente desconectado: loMGHLDCrNvk4Uw8AAAB - Motivo: client namespace disconnect","service":"lineage2-server","timestamp":"2025-09-19 21:14:17"}
{"level":"info","message":"Novo cliente conectado: DpwR73RoeAy1o2T3AAAD","service":"lineage2-server","timestamp":"2025-09-19 21:18:06"}
{"level":"info","message":"Cliente desconectado: DpwR73RoeAy1o2T3AAAD - Motivo: client namespace disconnect","service":"lineage2-server","timestamp":"2025-09-19 21:19:10"}
{"level":"info","message":"Novo cliente conectado: u9z9jVjCLiH8xZRUAAAF","service":"lineage2-server","timestamp":"2025-09-19 21:19:38"}
{"level":"info","message":"Cliente desconectado: u9z9jVjCLiH8xZRUAAAF - Motivo: client namespace disconnect","service":"lineage2-server","timestamp":"2025-09-19 21:20:50"}
{"level":"info","message":"Novo cliente conectado: UvduYdeqnLZZ0EvnAAAI","service":"lineage2-server","timestamp":"2025-09-19 21:21:09"}
{"level":"info","message":"Cliente desconectado: UvduYdeqnLZZ0EvnAAAI - Motivo: client namespace disconnect","service":"lineage2-server","timestamp":"2025-09-19 21:23:13"}
{"level":"info","message":"Recebido SIGINT. Encerrando servidor...","service":"lineage2-server","timestamp":"2025-09-19 21:25:43"}
{"level":"info","message":"Servidor rodando na porta 3000","service":"lineage2-server","timestamp":"2025-09-19 21:26:06"}
{"level":"info","message":"Servidor: Lineage2 Server","service":"lineage2-server","timestamp":"2025-09-19 21:26:06"}
{"level":"info","message":"Máximo de jogadores: 1000","service":"lineage2-server","timestamp":"2025-09-19 21:26:06"}
{"level":"info","message":"Conectado ao banco de dados MySQL","service":"lineage2-server","timestamp":"2025-09-19 21:26:06"}
{"level":"info","message":"Tabelas inicializadas com sucesso","service":"lineage2-server","timestamp":"2025-09-19 21:26:06"}
{"level":"info","message":"Novo cliente conectado: Nenkxhu0KUjsr_fJAAAC","service":"lineage2-server","timestamp":"2025-09-19 21:28:26"}
{"level":"info","message":"Cliente desconectado: Nenkxhu0KUjsr_fJAAAC - Motivo: client namespace disconnect","service":"lineage2-server","timestamp":"2025-09-19 21:29:08"}
{"level":"info","message":"Novo cliente conectado: OOyodc1yT75Kv81pAAAF","service":"lineage2-server","timestamp":"2025-09-19 21:29:25"}
{"level":"info","message":"Recebido SIGINT. Encerrando servidor...","service":"lineage2-server","timestamp":"2025-09-19 21:30:33"}
{"level":"info","message":"Servidor rodando na porta 3000","service":"lineage2-server","timestamp":"2025-09-19 21:30:44"}
{"level":"info","message":"Servidor: Lineage2 Server","service":"lineage2-server","timestamp":"2025-09-19 21:30:45"}
{"level":"info","message":"Máximo de jogadores: 1000","service":"lineage2-server","timestamp":"2025-09-19 21:30:45"}
{"level":"info","message":"Conectado ao banco de dados MySQL","service":"lineage2-server","timestamp":"2025-09-19 21:30:45"}
{"level":"info","message":"Tabelas inicializadas com sucesso","service":"lineage2-server","timestamp":"2025-09-19 21:30:45"}
{"level":"info","message":"Cliente desconectado: OOyodc1yT75Kv81pAAAF - Motivo: client namespace disconnect","service":"lineage2-server","timestamp":"2025-09-19 21:30:47"}
{"level":"info","message":"Servidor encerrado.","service":"lineage2-server","timestamp":"2025-09-19 21:30:47"}
{"level":"info","message":"Novo cliente conectado: om_Ez_2Us-VueRttAAAC","service":"lineage2-server","timestamp":"2025-09-19 21:30:55"}
{"level":"info","message":"Cliente desconectado: om_Ez_2Us-VueRttAAAC - Motivo: client namespace disconnect","service":"lineage2-server","timestamp":"2025-09-19 21:31:02"}
{"level":"info","message":"Recebido SIGINT. Encerrando servidor...","service":"lineage2-server","timestamp":"2025-09-19 21:31:06"}
{"level":"info","message":"Servidor rodando na porta 3000","service":"lineage2-server","timestamp":"2025-09-19 21:31:13"}
{"level":"info","message":"Servidor: Lineage2 Server","service":"lineage2-server","timestamp":"2025-09-19 21:31:13"}
{"level":"info","message":"Máximo de jogadores: 1000","service":"lineage2-server","timestamp":"2025-09-19 21:31:13"}
{"level":"info","message":"Conectado ao banco de dados MySQL","service":"lineage2-server","timestamp":"2025-09-19 21:31:13"}
{"level":"info","message":"Tabelas inicializadas com sucesso","service":"lineage2-server","timestamp":"2025-09-19 21:31:13"}
{"level":"info","message":"Novo cliente conectado: -z0tquBiErnoBq_8AAAC","service":"lineage2-server","timestamp":"2025-09-19 21:31:25"}
{"level":"info","message":"Cliente desconectado: -z0tquBiErnoBq_8AAAC - Motivo: transport close","service":"lineage2-server","timestamp":"2025-09-19 21:35:00"}
{"level":"info","message":"Novo cliente conectado: MLxOa63WkXtshpIHAAAF","service":"lineage2-server","timestamp":"2025-09-19 21:35:53"}
{"level":"info","message":"Cliente desconectado: MLxOa63WkXtshpIHAAAF - Motivo: client namespace disconnect","service":"lineage2-server","timestamp":"2025-09-19 21:40:43"}
{"level":"info","message":"Recebido SIGINT. Encerrando servidor...","service":"lineage2-server","timestamp":"2025-09-19 21:43:09"}
{"level":"info","message":"Servidor rodando na porta 3000","service":"lineage2-server","timestamp":"2025-09-19 21:43:29"}
{"level":"info","message":"Servidor: Lineage2 Server","service":"lineage2-server","timestamp":"2025-09-19 21:43:29"}
{"level":"info","message":"Máximo de jogadores: 1000","service":"lineage2-server","timestamp":"2025-09-19 21:43:29"}
{"level":"info","message":"Conectado ao banco de dados MySQL","service":"lineage2-server","timestamp":"2025-09-19 21:43:29"}
{"level":"info","message":"Tabelas inicializadas com sucesso","service":"lineage2-server","timestamp":"2025-09-19 21:43:29"}
{"level":"info","message":"Novo cliente conectado: 5FEwX3JGWY5DfmZPAAAC","service":"lineage2-server","timestamp":"2025-09-19 21:43:41"}
{"level":"info","message":"Cliente desconectado: 5FEwX3JGWY5DfmZPAAAC - Motivo: client namespace disconnect","service":"lineage2-server","timestamp":"2025-09-19 21:46:11"}
{"level":"info","message":"Novo cliente conectado: jSgITbV_dU_0ftRaAAAF","service":"lineage2-server","timestamp":"2025-09-19 21:50:14"}
{"level":"info","message":"Cliente desconectado: jSgITbV_dU_0ftRaAAAF - Motivo: client namespace disconnect","service":"lineage2-server","timestamp":"2025-09-19 21:52:18"}
{"level":"info","message":"Novo cliente conectado: CT2c0wSqacy4K80yAAAI","service":"lineage2-server","timestamp":"2025-09-19 21:54:10"}
{"level":"error","message":"Erro no evento get_servers:","service":"lineage2-server","timestamp":"2025-09-19 21:54:27"}
{"level":"info","message":"Servidor rodando na porta 3000","service":"lineage2-server","timestamp":"2025-09-19 21:56:35"}
{"level":"info","message":"Servidor: Lineage2 Server","service":"lineage2-server","timestamp":"2025-09-19 21:56:35"}
{"level":"info","message":"Máximo de jogadores: 1000","service":"lineage2-server","timestamp":"2025-09-19 21:56:35"}
{"level":"info","message":"Conectado ao banco de dados MySQL","service":"lineage2-server","timestamp":"2025-09-19 21:56:35"}
{"level":"info","message":"Tabelas inicializadas com sucesso","service":"lineage2-server","timestamp":"2025-09-19 21:56:35"}
{"level":"info","message":"Novo cliente conectado: EaYdRwsHdZFC8QAgAAAB","service":"lineage2-server","timestamp":"2025-09-19 21:56:35"}
{"level":"error","message":"Erro no registro:","service":"lineage2-server","timestamp":"2025-09-19 21:56:39"}
{"level":"error","message":"Erro no evento get_servers:","service":"lineage2-server","timestamp":"2025-09-19 21:57:26"}
{"level":"info","message":"Servidor rodando na porta 3000","service":"lineage2-server","timestamp":"2025-09-19 21:57:51"}
{"level":"info","message":"Servidor: Lineage2 Server","service":"lineage2-server","timestamp":"2025-09-19 21:57:51"}
{"level":"info","message":"Máximo de jogadores: 1000","service":"lineage2-server","timestamp":"2025-09-19 21:57:51"}
{"level":"info","message":"Conectado ao banco de dados MySQL","service":"lineage2-server","timestamp":"2025-09-19 21:57:51"}
{"level":"info","message":"Tabelas inicializadas com sucesso","service":"lineage2-server","timestamp":"2025-09-19 21:57:51"}
{"level":"info","message":"Novo cliente conectado: fjK4xRMibJRADKJkAAAC","service":"lineage2-server","timestamp":"2025-09-19 21:57:51"}
{"level":"info","message":"Cliente desconectado: fjK4xRMibJRADKJkAAAC - Motivo: client namespace disconnect","service":"lineage2-server","timestamp":"2025-09-19 21:57:54"}
{"level":"info","message":"Novo cliente conectado: dqX-HKZPuegzoawMAAAF","service":"lineage2-server","timestamp":"2025-09-19 21:58:01"}
{"level":"info","message":"Cliente desconectado: dqX-HKZPuegzoawMAAAF - Motivo: client namespace disconnect","service":"lineage2-server","timestamp":"2025-09-19 21:58:04"}
{"level":"info","message":"Novo cliente conectado: BovBQiF9PcOCVRb7AAAI","service":"lineage2-server","timestamp":"2025-09-19 21:58:12"}
{"level":"info","message":"Cliente desconectado: BovBQiF9PcOCVRb7AAAI - Motivo: client namespace disconnect","service":"lineage2-server","timestamp":"2025-09-19 21:58:15"}
{"level":"info","message":"Novo cliente conectado: JLLEZhVXjelD9W3QAAAL","service":"lineage2-server","timestamp":"2025-09-19 21:59:04"}
{"level":"error","message":"Erro no evento get_servers:","service":"lineage2-server","timestamp":"2025-09-19 21:59:30"}
{"level":"info","message":"Servidor rodando na porta 3000","service":"lineage2-server","timestamp":"2025-09-19 22:04:19"}
{"level":"info","message":"Servidor: Lineage2 Server","service":"lineage2-server","timestamp":"2025-09-19 22:04:19"}
{"level":"info","message":"Máximo de jogadores: 1000","service":"lineage2-server","timestamp":"2025-09-19 22:04:19"}
{"level":"info","message":"Conectado ao banco de dados MySQL","service":"lineage2-server","timestamp":"2025-09-19 22:04:19"}
{"level":"info","message":"Tabelas inicializadas com sucesso","service":"lineage2-server","timestamp":"2025-09-19 22:04:19"}
{"level":"info","message":"Novo cliente conectado: biHklsHyESGWQ7_lAAAB","service":"lineage2-server","timestamp":"2025-09-19 22:04:19"}
{"level":"info","message":"Cliente desconectado: biHklsHyESGWQ7_lAAAB - Motivo: transport close","service":"lineage2-server","timestamp":"2025-09-19 22:06:22"}
{"level":"info","message":"Novo cliente conectado: Mp3gpBfJ5uWQ6ag6AAAE","service":"lineage2-server","timestamp":"2025-09-19 22:08:53"}
{"level":"info","message":"Cliente desconectado: Mp3gpBfJ5uWQ6ag6AAAE - Motivo: client namespace disconnect","service":"lineage2-server","timestamp":"2025-09-19 22:09:34"}
{"level":"info","message":"Novo cliente conectado: 0E03Kuzazu32GAzSAAAH","service":"lineage2-server","timestamp":"2025-09-19 22:12:27"}
{"level":"info","message":"Cliente desconectado: 0E03Kuzazu32GAzSAAAH - Motivo: client namespace disconnect","service":"lineage2-server","timestamp":"2025-09-19 22:13:49"}
{"level":"info","message":"Novo cliente conectado: fHBp4F8cC5mk7i_1AAAK","service":"lineage2-server","timestamp":"2025-09-19 22:14:28"}
{"level":"error","message":"Erro no login:","service":"lineage2-server","timestamp":"2025-09-19 22:14:41"}
{"level":"info","message":"Cliente desconectado: fHBp4F8cC5mk7i_1AAAK - Motivo: client namespace disconnect","service":"lineage2-server","timestamp":"2025-09-19 22:15:24"}
{"level":"info","message":"Novo cliente conectado: LeLzfrTYlmrsF4p1AAAN","service":"lineage2-server","timestamp":"2025-09-19 22:15:35"}
{"level":"info","message":"Cliente desconectado: LeLzfrTYlmrsF4p1AAAN - Motivo: client namespace disconnect","service":"lineage2-server","timestamp":"2025-09-19 22:16:29"}
{"level":"info","message":"Servidor rodando na porta 3000","service":"lineage2-server","timestamp":"2025-09-20 11:35:45"}
{"level":"info","message":"Servidor: Lineage2 Server","service":"lineage2-server","timestamp":"2025-09-20 11:35:45"}
{"level":"info","message":"Máximo de jogadores: 1000","service":"lineage2-server","timestamp":"2025-09-20 11:35:45"}
{"level":"error","message":"Erro ao conectar ao banco de dados:","service":"lineage2-server","timestamp":"2025-09-20 11:35:45"}
{"level":"info","message":"Tentando reconectar ao banco de dados...","service":"lineage2-server","timestamp":"2025-09-20 11:35:50"}
{"level":"error","message":"Erro ao conectar ao banco de dados:","service":"lineage2-server","timestamp":"2025-09-20 11:35:50"}
{"level":"info","message":"Tentando reconectar ao banco de dados...","service":"lineage2-server","timestamp":"2025-09-20 11:35:55"}
{"level":"error","message":"Erro ao conectar ao banco de dados:","service":"lineage2-server","timestamp":"2025-09-20 11:35:55"}
{"level":"info","message":"Recebido SIGINT. Encerrando servidor...","service":"lineage2-server","timestamp":"2025-09-20 11:35:59"}
{"level":"info","message":"Servidor rodando na porta 3000","service":"lineage2-server","timestamp":"2025-09-20 11:36:10"}
{"level":"info","message":"Servidor: Lineage2 Server","service":"lineage2-server","timestamp":"2025-09-20 11:36:10"}
{"level":"info","message":"Máximo de jogadores: 1000","service":"lineage2-server","timestamp":"2025-09-20 11:36:10"}
{"level":"error","message":"Erro ao conectar ao banco de dados:","service":"lineage2-server","timestamp":"2025-09-20 11:36:10"}
{"level":"info","message":"Tentando reconectar ao banco de dados...","service":"lineage2-server","timestamp":"2025-09-20 11:36:15"}
{"level":"error","message":"Erro ao conectar ao banco de dados:","service":"lineage2-server","timestamp":"2025-09-20 11:36:15"}
{"level":"info","message":"Tentando reconectar ao banco de dados...","service":"lineage2-server","timestamp":"2025-09-20 11:36:20"}
{"level":"info","message":"Conectado ao banco de dados MySQL","service":"lineage2-server","timestamp":"2025-09-20 11:36:20"}
{"level":"info","message":"Tabelas inicializadas com sucesso","service":"lineage2-server","timestamp":"2025-09-20 11:36:20"}
{"level":"info","message":"Recebido SIGINT. Encerrando servidor...","service":"lineage2-server","timestamp":"2025-09-20 11:36:24"}
{"level":"info","message":"Servidor rodando na porta 3000","service":"lineage2-server","timestamp":"2025-09-20 11:37:33"}
{"level":"info","message":"Servidor: Lineage2 Server","service":"lineage2-server","timestamp":"2025-09-20 11:37:33"}
{"level":"info","message":"Máximo de jogadores: 1000","service":"lineage2-server","timestamp":"2025-09-20 11:37:33"}
{"level":"info","message":"Conectado ao banco de dados MySQL","service":"lineage2-server","timestamp":"2025-09-20 11:37:33"}
{"level":"info","message":"Tabelas inicializadas com sucesso","service":"lineage2-server","timestamp":"2025-09-20 11:37:33"}
{"level":"info","message":"Novo cliente conectado: u87MDIkX4FKs8ojeAAAC","service":"lineage2-server","timestamp":"2025-09-20 11:46:42"}
{"level":"info","message":"Cliente desconectado: u87MDIkX4FKs8ojeAAAC - Motivo: client namespace disconnect","service":"lineage2-server","timestamp":"2025-09-20 11:47:42"}
{"level":"info","message":"Novo cliente conectado: eyUVt8gUqh4BqMJiAAAF","service":"lineage2-server","timestamp":"2025-09-20 11:59:52"}
{"level":"info","message":"Cliente desconectado: eyUVt8gUqh4BqMJiAAAF - Motivo: client namespace disconnect","service":"lineage2-server","timestamp":"2025-09-20 12:00:15"}
{"level":"info","message":"Recebido SIGINT. Encerrando servidor...","service":"lineage2-server","timestamp":"2025-09-20 12:00:21"}
{"level":"info","message":"Servidor rodando na porta 3000","service":"lineage2-server","timestamp":"2025-09-20 12:00:27"}
{"level":"info","message":"Servidor: Lineage2 Server","service":"lineage2-server","timestamp":"2025-09-20 12:00:27"}
{"level":"info","message":"Máximo de jogadores: 1000","service":"lineage2-server","timestamp":"2025-09-20 12:00:27"}
{"level":"info","message":"Conectado ao banco de dados MySQL","service":"lineage2-server","timestamp":"2025-09-20 12:00:27"}
{"level":"info","message":"Tabelas inicializadas com sucesso","service":"lineage2-server","timestamp":"2025-09-20 12:00:27"}
{"level":"info","message":"Novo cliente conectado: gKzr2yCxuyFLVRANAAAC","service":"lineage2-server","timestamp":"2025-09-20 12:00:37"}
{"level":"info","message":"Cliente desconectado: gKzr2yCxuyFLVRANAAAC - Motivo: client namespace disconnect","service":"lineage2-server","timestamp":"2025-09-20 12:01:05"}
{"level":"info","message":"Novo cliente conectado: uQ1PxmaEB-bthIEdAAAF","service":"lineage2-server","timestamp":"2025-09-20 12:01:33"}
{"level":"error","message":"Erro na consulta SQL:","service":"lineage2-server","timestamp":"2025-09-20 12:01:40"}
{"level":"error","message":"Erro ao atualizar último login:","service":"lineage2-server","timestamp":"2025-09-20 12:01:40"}
{"level":"error","message":"Erro no login:","service":"lineage2-server","timestamp":"2025-09-20 12:01:40"}
{"level":"error","message":"Erro na consulta SQL:","service":"lineage2-server","timestamp":"2025-09-20 12:02:32"}
{"level":"error","message":"Erro ao atualizar último login:","service":"lineage2-server","timestamp":"2025-09-20 12:02:32"}
{"level":"error","message":"Erro no login:","service":"lineage2-server","timestamp":"2025-09-20 12:02:32"}
{"level":"info","message":"Cliente desconectado: uQ1PxmaEB-bthIEdAAAF - Motivo: client namespace disconnect","service":"lineage2-server","timestamp":"2025-09-20 12:02:45"}
{"level":"info","message":"Novo cliente conectado: jcXRShkeLpK5cne-AAAI","service":"lineage2-server","timestamp":"2025-09-20 12:03:03"}
{"level":"error","message":"Erro na consulta SQL:","service":"lineage2-server","timestamp":"2025-09-20 12:03:23"}
{"level":"error","message":"Erro ao atualizar último login:","service":"lineage2-server","timestamp":"2025-09-20 12:03:23"}
{"level":"error","message":"Erro no login:","service":"lineage2-server","timestamp":"2025-09-20 12:03:23"}
{"level":"info","message":"Recebido SIGINT. Encerrando servidor...","service":"lineage2-server","timestamp":"2025-09-20 12:03:33"}
{"level":"info","message":"Recebido SIGINT. Encerrando servidor...","service":"lineage2-server","timestamp":"2025-09-20 12:03:33"}
{"level":"info","message":"Servidor rodando na porta 3000","service":"lineage2-server","timestamp":"2025-09-20 12:03:39"}
{"level":"info","message":"Servidor: Lineage2 Server","service":"lineage2-server","timestamp":"2025-09-20 12:03:39"}
{"level":"info","message":"Máximo de jogadores: 1000","service":"lineage2-server","timestamp":"2025-09-20 12:03:39"}
{"level":"info","message":"Conectado ao banco de dados MySQL","service":"lineage2-server","timestamp":"2025-09-20 12:03:39"}
{"level":"info","message":"Tabelas inicializadas com sucesso","service":"lineage2-server","timestamp":"2025-09-20 12:03:39"}
{"level":"info","message":"Cliente desconectado: jcXRShkeLpK5cne-AAAI - Motivo: forced close","service":"lineage2-server","timestamp":"2025-09-20 12:03:44"}
{"level":"info","message":"Novo cliente conectado: 9q1rzvjsjJS6CEGWAAAC","service":"lineage2-server","timestamp":"2025-09-20 12:03:48"}
{"level":"error","message":"Erro no login:","service":"lineage2-server","timestamp":"2025-09-20 12:03:53"}
{"level":"error","message":"Erro na consulta SQL:","service":"lineage2-server","timestamp":"2025-09-20 12:04:14"}
{"level":"error","message":"Erro ao atualizar último login:","service":"lineage2-server","timestamp":"2025-09-20 12:04:14"}
{"level":"error","message":"Erro no login:","service":"lineage2-server","timestamp":"2025-09-20 12:04:14"}
{"level":"info","message":"Cliente desconectado: 9q1rzvjsjJS6CEGWAAAC - Motivo: client namespace disconnect","service":"lineage2-server","timestamp":"2025-09-20 12:04:16"}
{"level":"error","message":"Erro na consulta SQL:","service":"lineage2-server","timestamp":"2025-09-20 12:05:05"}
{"level":"error","message":"Erro ao atualizar último login:","service":"lineage2-server","timestamp":"2025-09-20 12:05:05"}
{"level":"error","message":"Erro no login:","service":"lineage2-server","timestamp":"2025-09-20 12:05:05"}
{"level":"error","message":"Erro na consulta SQL:","service":"lineage2-server","timestamp":"2025-09-20 12:05:56"}
{"level":"error","message":"Erro ao atualizar último login:","service":"lineage2-server","timestamp":"2025-09-20 12:05:56"}
{"level":"error","message":"Erro no login:","service":"lineage2-server","timestamp":"2025-09-20 12:05:56"}
{"level":"info","message":"Recebido SIGINT. Encerrando servidor...","service":"lineage2-server","timestamp":"2025-09-20 12:06:25"}
{"level":"info","message":"Recebido SIGINT. Encerrando servidor...","service":"lineage2-server","timestamp":"2025-09-20 12:06:25"}
{"level":"error","message":"Erro na consulta SQL:","service":"lineage2-server","timestamp":"2025-09-20 12:10:27"}
{"level":"info","message":"Servidor rodando na porta 3000","service":"lineage2-server","timestamp":"2025-09-20 12:10:53"}
{"level":"info","message":"Servidor: Lineage2 Server","service":"lineage2-server","timestamp":"2025-09-20 12:10:53"}
{"level":"info","message":"Máximo de jogadores: 1000","service":"lineage2-server","timestamp":"2025-09-20 12:10:53"}
{"level":"info","message":"Conectado ao banco de dados MySQL","service":"lineage2-server","timestamp":"2025-09-20 12:10:53"}
{"level":"info","message":"Tabelas inicializadas com sucesso","service":"lineage2-server","timestamp":"2025-09-20 12:10:53"}
{"level":"info","message":"Novo cliente conectado: d6h3y7oiISQPnh6EAAAC","service":"lineage2-server","timestamp":"2025-09-20 12:11:53"}
{"level":"info","message":"Cliente desconectado: d6h3y7oiISQPnh6EAAAC - Motivo: client namespace disconnect","service":"lineage2-server","timestamp":"2025-09-20 12:12:20"}
{"level":"info","message":"Novo cliente conectado: qEbGgZK78YlnyGDxAAAF","service":"lineage2-server","timestamp":"2025-09-20 12:14:06"}
{"level":"info","message":"Cliente desconectado: qEbGgZK78YlnyGDxAAAF - Motivo: client namespace disconnect","service":"lineage2-server","timestamp":"2025-09-20 12:14:53"}
{"level":"info","message":"Novo cliente conectado: _MzxJW-ZJ4WEBr8CAAAI","service":"lineage2-server","timestamp":"2025-09-20 12:15:02"}
{"level":"info","message":"Cliente desconectado: _MzxJW-ZJ4WEBr8CAAAI - Motivo: client namespace disconnect","service":"lineage2-server","timestamp":"2025-09-20 12:15:20"}
{"level":"info","message":"Recebido SIGINT. Encerrando servidor...","service":"lineage2-server","timestamp":"2025-09-20 12:17:10"}
