{"level":"error","message":"Erro ao conectar ao banco de dados:","service":"lineage2-server","timestamp":"2025-09-19 20:21:23"}
{"level":"error","message":"Erro ao inicializar tabelas:","service":"lineage2-server","timestamp":"2025-09-19 20:22:48"}
{"level":"error","message":"Erro ao inicializar tabelas:","service":"lineage2-server","timestamp":"2025-09-19 20:23:19"}
{"level":"error","message":"Erro ao inicializar tabelas:","service":"lineage2-server","timestamp":"2025-09-19 20:24:06"}
{"level":"error","message":"Erro ao inicializar tabelas:","service":"lineage2-server","timestamp":"2025-09-19 20:26:33"}
{"level":"error","message":"Erro ao inicializar tabelas:","service":"lineage2-server","timestamp":"2025-09-19 20:27:11"}
{"level":"error","message":"Erro ao inicializar tabelas:","service":"lineage2-server","timestamp":"2025-09-19 20:27:44"}
{"level":"error","message":"Erro ao inicializar tabelas:","service":"lineage2-server","timestamp":"2025-09-19 20:28:11"}
{"level":"error","message":"Erro no evento register:","service":"lineage2-server","timestamp":"2025-09-19 21:09:59"}
{"level":"error","message":"Erro no evento get_servers:","service":"lineage2-server","timestamp":"2025-09-19 21:54:27"}
{"level":"error","message":"Erro no registro:","service":"lineage2-server","timestamp":"2025-09-19 21:56:39"}
{"level":"error","message":"Erro no evento get_servers:","service":"lineage2-server","timestamp":"2025-09-19 21:57:26"}
{"level":"error","message":"Erro no evento get_servers:","service":"lineage2-server","timestamp":"2025-09-19 21:59:30"}
{"level":"error","message":"Erro no login:","service":"lineage2-server","timestamp":"2025-09-19 22:14:41"}
{"level":"error","message":"Erro ao conectar ao banco de dados:","service":"lineage2-server","timestamp":"2025-09-20 11:35:45"}
{"level":"error","message":"Erro ao conectar ao banco de dados:","service":"lineage2-server","timestamp":"2025-09-20 11:35:50"}
{"level":"error","message":"Erro ao conectar ao banco de dados:","service":"lineage2-server","timestamp":"2025-09-20 11:35:55"}
{"level":"error","message":"Erro ao conectar ao banco de dados:","service":"lineage2-server","timestamp":"2025-09-20 11:36:10"}
{"level":"error","message":"Erro ao conectar ao banco de dados:","service":"lineage2-server","timestamp":"2025-09-20 11:36:15"}
{"level":"error","message":"Erro na consulta SQL:","service":"lineage2-server","timestamp":"2025-09-20 12:01:40"}
{"level":"error","message":"Erro ao atualizar último login:","service":"lineage2-server","timestamp":"2025-09-20 12:01:40"}
{"level":"error","message":"Erro no login:","service":"lineage2-server","timestamp":"2025-09-20 12:01:40"}
{"level":"error","message":"Erro na consulta SQL:","service":"lineage2-server","timestamp":"2025-09-20 12:02:32"}
{"level":"error","message":"Erro ao atualizar último login:","service":"lineage2-server","timestamp":"2025-09-20 12:02:32"}
{"level":"error","message":"Erro no login:","service":"lineage2-server","timestamp":"2025-09-20 12:02:32"}
{"level":"error","message":"Erro na consulta SQL:","service":"lineage2-server","timestamp":"2025-09-20 12:03:23"}
{"level":"error","message":"Erro ao atualizar último login:","service":"lineage2-server","timestamp":"2025-09-20 12:03:23"}
{"level":"error","message":"Erro no login:","service":"lineage2-server","timestamp":"2025-09-20 12:03:23"}
{"level":"error","message":"Erro no login:","service":"lineage2-server","timestamp":"2025-09-20 12:03:53"}
{"level":"error","message":"Erro na consulta SQL:","service":"lineage2-server","timestamp":"2025-09-20 12:04:14"}
{"level":"error","message":"Erro ao atualizar último login:","service":"lineage2-server","timestamp":"2025-09-20 12:04:14"}
{"level":"error","message":"Erro no login:","service":"lineage2-server","timestamp":"2025-09-20 12:04:14"}
{"level":"error","message":"Erro na consulta SQL:","service":"lineage2-server","timestamp":"2025-09-20 12:05:05"}
{"level":"error","message":"Erro ao atualizar último login:","service":"lineage2-server","timestamp":"2025-09-20 12:05:05"}
{"level":"error","message":"Erro no login:","service":"lineage2-server","timestamp":"2025-09-20 12:05:05"}
{"level":"error","message":"Erro na consulta SQL:","service":"lineage2-server","timestamp":"2025-09-20 12:05:56"}
{"level":"error","message":"Erro ao atualizar último login:","service":"lineage2-server","timestamp":"2025-09-20 12:05:56"}
{"level":"error","message":"Erro no login:","service":"lineage2-server","timestamp":"2025-09-20 12:05:56"}
{"level":"error","message":"Erro na consulta SQL:","service":"lineage2-server","timestamp":"2025-09-20 12:10:27"}
